[2025-02-03 02:47:18] 환경 변수 설정 완료
[2025-02-03 02:47:18] Azure CLI 로그인 상태 확인 중...
[2025-02-03 02:47:20] 공통 리소스(EventGrip Topic, StorageAccount, Deadletter) 설정 중...
[2025-02-03 02:47:21] Gateway Event Grid Topic 생성 중...
[2025-02-03 02:48:30] Database Secret 생성 중...
[2025-02-03 02:48:31] MongoDB 설정 중...
[2025-02-03 02:48:31] PostgreSQL 설정 중...
[2025-02-03 02:48:31] 데이터베이스 준비 상태 대기 중...
[2025-02-03 02:49:06] 데이터베이스 준비 완료
[2025-02-03 02:49:06] async 서비스 배포 시작...
[2025-02-03 02:53:37] Error: async Deployment 준비 실패 (Exit Code: 1)
[2025-02-03 02:53:38] 환경 변수 설정 완료
[2025-02-03 02:53:38] Azure CLI 로그인 상태 확인 중...
[2025-02-03 02:53:41] 공통 리소스(EventGrip Topic, StorageAccount, Deadletter) 설정 중...
[2025-02-03 02:53:42] Gateway Event Grid Topic이 이미 존재합니다
[2025-02-03 02:53:45] Deadletter 컨테이너가 이미 존재합니다
[2025-02-03 02:53:45] Database Secret 생성 중...
[2025-02-03 02:53:45] MongoDB 설정 중...
[2025-02-03 02:53:46] PostgreSQL 설정 중...
[2025-02-03 02:53:46] 데이터베이스 준비 상태 대기 중...
[2025-02-03 02:54:07] 데이터베이스 준비 완료
[2025-02-03 02:54:07] async 서비스 배포 시작...
[2025-02-03 02:54:48] gateway 서비스 배포 시작...
[2025-02-03 02:55:40] point 서비스 배포 시작...
[2025-02-03 02:56:31] Event Grid Subscriber 설정 중...
[2025-02-03 02:56:33] Event Grid Subscription 생성 중...
[2025-02-03 02:57:05] === 배포 결과 ===
[2025-02-03 02:57:06] === 서비스 URL ===
[2025-02-03 02:57:06] async Service URL: http://
[2025-02-03 02:57:06] gateway Service URL: http://
[2025-02-03 02:57:06] point Service URL: http://
[2025-02-03 02:57:06] === Event Grid 정보 ===
[2025-02-03 02:57:06] Gateway Topic: dg0100-resilience-gateway-topic
[2025-02-03 02:57:06] Event Grid Subscription Endpoint: https://dg0100.resilience.20.41.83.72.nip.io/api/events/point
[2025-02-03 02:57:06] 모든 리소스가 성공적으로 생성되었습니다.
[2025-02-03 02:58:08] 환경 변수 설정 완료
[2025-02-03 02:58:08] Azure CLI 로그인 상태 확인 중...
[2025-02-03 02:58:10] 공통 리소스(EventGrip Topic, StorageAccount, Deadletter) 설정 중...
[2025-02-03 02:58:11] Gateway Event Grid Topic이 이미 존재합니다
[2025-02-03 02:58:15] Deadletter 컨테이너가 이미 존재합니다
[2025-02-03 02:58:15] Database Secret 생성 중...
[2025-02-03 02:58:15] MongoDB 설정 중...
[2025-02-03 02:58:16] PostgreSQL 설정 중...
[2025-02-03 02:58:16] 데이터베이스 준비 상태 대기 중...
[2025-02-03 02:58:42] 데이터베이스 준비 완료
[2025-02-03 02:58:43] async 서비스 배포 시작...
[2025-02-03 02:59:24] gateway 서비스 배포 시작...
[2025-02-03 03:00:09] point 서비스 배포 시작...
[2025-02-03 03:00:45] Event Grid Subscriber 설정 중...
[2025-02-03 03:00:47] Event Grid Subscription이 이미 존재합니다
[2025-02-03 03:00:47] === 배포 결과 ===
[2025-02-03 03:00:47] === 서비스 URL ===
[2025-02-03 03:00:48] async Service URL: http://4.230.153.85
[2025-02-03 03:00:48] gateway Service URL: http://20.249.64.81
[2025-02-03 03:00:48] point Service URL: http://20.249.64.131
[2025-02-03 03:00:48] === Event Grid 정보 ===
[2025-02-03 03:00:48] Gateway Topic: dg0100-resilience-gateway-topic
[2025-02-03 03:00:48] Event Grid Subscription Endpoint: https://dg0100.resilience.20.41.83.72.nip.io/api/events/point
[2025-02-03 03:00:48] 모든 리소스가 성공적으로 생성되었습니다.
[2025-02-03 03:18:10] 환경 변수 설정 완료
[2025-02-03 03:18:10] Azure CLI 로그인 상태 확인 중...
[2025-02-03 03:18:13] 공통 리소스(EventGrip Topic, StorageAccount, Deadletter) 설정 중...
[2025-02-03 03:18:14] Gateway Event Grid Topic이 이미 존재합니다
[2025-02-03 03:18:18] Deadletter 컨테이너가 이미 존재합니다
[2025-02-03 03:18:18] Database Secret 생성 중...
[2025-02-03 03:18:18] MongoDB 설정 중...
[2025-02-03 03:18:18] PostgreSQL 설정 중...
[2025-02-03 03:18:19] 데이터베이스 준비 상태 대기 중...
[2025-02-03 03:18:41] 데이터베이스 준비 완료
[2025-02-03 03:18:41] async 서비스 배포 시작...
[2025-02-03 03:19:27] gateway 서비스 배포 시작...
[2025-02-03 03:20:08] point 서비스 배포 시작...
[2025-02-03 03:20:42] Event Grid Subscriber 설정 중...
[2025-02-03 03:20:44] Event Grid Subscription이 이미 존재합니다
[2025-02-03 03:20:44] === 배포 결과 ===
[2025-02-03 03:20:44] === 서비스 URL ===
[2025-02-03 03:20:44] async Service URL: http://4.230.153.85
[2025-02-03 03:20:45] gateway Service URL: http://20.249.64.81
[2025-02-03 03:20:45] point Service URL: http://20.249.64.131
[2025-02-03 03:20:45] === Event Grid 정보 ===
[2025-02-03 03:20:45] Gateway Topic: dg0100-resilience-gateway-topic
[2025-02-03 03:20:45] Event Grid Subscription Endpoint: https://dg0100.resilience.20.41.83.72.nip.io/api/events/point
[2025-02-03 03:20:45] 모든 리소스가 성공적으로 생성되었습니다.
[2025-02-03 03:23:32] 환경 변수 설정 완료
[2025-02-03 03:23:32] Azure CLI 로그인 상태 확인 중...
[2025-02-03 03:23:35] 공통 리소스(EventGrip Topic, StorageAccount, Deadletter) 설정 중...
[2025-02-03 03:23:36] Gateway Event Grid Topic이 이미 존재합니다
[2025-02-03 03:23:39] Deadletter 컨테이너가 이미 존재합니다
[2025-02-03 03:23:39] Database Secret 생성 중...
[2025-02-03 03:23:40] MongoDB 설정 중...
[2025-02-03 03:23:40] PostgreSQL 설정 중...
[2025-02-03 03:23:40] 데이터베이스 준비 상태 대기 중...
[2025-02-03 03:24:05] 데이터베이스 준비 완료
[2025-02-03 03:24:06] async 서비스 배포 시작...
[2025-02-03 03:24:52] gateway 서비스 배포 시작...
[2025-02-03 03:25:29] point 서비스 배포 시작...
[2025-02-03 03:26:00] Event Grid Subscriber 설정 중...
[2025-02-03 03:26:02] Event Grid Subscription이 이미 존재합니다
[2025-02-03 03:26:02] === 배포 결과 ===
[2025-02-03 03:26:02] === 서비스 URL ===
[2025-02-03 03:26:02] async Service URL: http://4.230.153.85
[2025-02-03 03:26:02] gateway Service URL: http://20.249.64.81
[2025-02-03 03:26:03] point Service URL: http://20.249.64.131
[2025-02-03 03:26:03] === Event Grid 정보 ===
[2025-02-03 03:26:03] Gateway Topic: dg0100-resilience-gateway-topic
[2025-02-03 03:26:03] Event Grid Subscription Endpoint: https://dg0100.resilience.20.41.83.72.nip.io/api/events/point
[2025-02-03 03:26:03] 모든 리소스가 성공적으로 생성되었습니다.
[2025-02-03 03:35:11] 환경 변수 설정 완료
[2025-02-03 03:35:11] Azure CLI 로그인 상태 확인 중...
[2025-02-03 03:35:14] 공통 리소스(EventGrip Topic, StorageAccount, Deadletter) 설정 중...
[2025-02-03 03:35:14] Gateway Event Grid Topic이 이미 존재합니다
[2025-02-03 03:35:18] Deadletter 컨테이너가 이미 존재합니다
[2025-02-03 03:35:18] Database Secret 생성 중...
[2025-02-03 03:35:18] MongoDB 설정 중...
[2025-02-03 03:35:19] PostgreSQL 설정 중...
[2025-02-03 03:35:19] 데이터베이스 준비 상태 대기 중...
[2025-02-03 03:35:43] 데이터베이스 준비 완료
[2025-02-03 03:35:44] async 서비스 배포 시작...
[2025-02-03 03:36:24] gateway 서비스 배포 시작...
[2025-02-03 03:40:54] Error: gateway Deployment 준비 실패 (Exit Code: 1)
[2025-02-03 03:40:55] 환경 변수 설정 완료
[2025-02-03 03:40:55] Azure CLI 로그인 상태 확인 중...
[2025-02-03 03:40:57] 공통 리소스(EventGrip Topic, StorageAccount, Deadletter) 설정 중...
[2025-02-03 03:40:58] Gateway Event Grid Topic이 이미 존재합니다
[2025-02-03 03:41:02] Deadletter 컨테이너가 이미 존재합니다
[2025-02-03 03:41:02] Database Secret 생성 중...
[2025-02-03 03:41:02] MongoDB 설정 중...
[2025-02-03 03:41:02] PostgreSQL 설정 중...
[2025-02-03 03:41:03] 데이터베이스 준비 상태 대기 중...
[2025-02-03 03:41:26] 데이터베이스 준비 완료
[2025-02-03 03:41:27] async 서비스 배포 시작...
[2025-02-03 03:42:11] gateway 서비스 배포 시작...
[2025-02-03 03:42:48] point 서비스 배포 시작...
[2025-02-03 03:43:26] Event Grid Subscriber 설정 중...
[2025-02-03 03:43:28] Event Grid Subscription이 이미 존재합니다
[2025-02-03 03:43:28] === 배포 결과 ===
[2025-02-03 03:43:29] === 서비스 URL ===
[2025-02-03 03:43:29] async Service URL: http://4.230.153.85
[2025-02-03 03:43:29] gateway Service URL: http://20.249.64.81
[2025-02-03 03:43:29] point Service URL: http://20.249.64.131
[2025-02-03 03:43:29] === Event Grid 정보 ===
[2025-02-03 03:43:29] Gateway Topic: dg0100-resilience-gateway-topic
[2025-02-03 03:43:29] Event Grid Subscription Endpoint: https://dg0100.resilience.20.41.83.72.nip.io/api/events/point
[2025-02-03 03:43:29] 모든 리소스가 성공적으로 생성되었습니다.
[2025-02-03 03:57:03] 환경 변수 설정 완료
[2025-02-03 03:57:03] Azure CLI 로그인 상태 확인 중...
[2025-02-03 03:57:06] 공통 리소스(EventGrip Topic, StorageAccount, Deadletter) 설정 중...
[2025-02-03 03:57:07] Gateway Event Grid Topic이 이미 존재합니다
[2025-02-03 03:57:11] Deadletter 컨테이너가 이미 존재합니다
[2025-02-03 03:57:11] Database Secret 생성 중...
[2025-02-03 03:57:11] MongoDB 설정 중...
[2025-02-03 03:57:11] PostgreSQL 설정 중...
[2025-02-03 03:57:12] 데이터베이스 준비 상태 대기 중...
[2025-02-03 03:57:40] 데이터베이스 준비 완료
[2025-02-03 03:57:41] async 서비스 배포 시작...
[2025-02-03 03:58:22] gateway 서비스 배포 시작...
[2025-02-03 03:58:59] point 서비스 배포 시작...
[2025-02-03 03:59:34] Event Grid Subscriber 설정 중...
[2025-02-03 03:59:36] Event Grid Subscription이 이미 존재합니다
[2025-02-03 03:59:36] === 배포 결과 ===
[2025-02-03 03:59:36] === 서비스 URL ===
[2025-02-03 03:59:36] async Service URL: http://4.230.153.85
[2025-02-03 03:59:36] gateway Service URL: http://20.249.64.81
[2025-02-03 03:59:36] point Service URL: http://20.249.64.131
[2025-02-03 03:59:36] === Event Grid 정보 ===
[2025-02-03 03:59:36] Gateway Topic: dg0100-resilience-gateway-topic
[2025-02-03 03:59:36] Event Grid Subscription Endpoint: https://dg0100.resilience.20.41.83.72.nip.io/api/events/point
[2025-02-03 03:59:36] 모든 리소스가 성공적으로 생성되었습니다.
[2025-02-03 04:13:11] 환경 변수 설정 완료
[2025-02-03 04:13:11] Azure CLI 로그인 상태 확인 중...
[2025-02-03 04:13:14] 공통 리소스(EventGrip Topic, StorageAccount, Deadletter) 설정 중...
[2025-02-03 04:13:16] Gateway Event Grid Topic이 이미 존재합니다
[2025-02-03 04:13:19] Deadletter 컨테이너가 이미 존재합니다
[2025-02-03 04:13:19] Database Secret 생성 중...
[2025-02-03 04:13:19] MongoDB 설정 중...
[2025-02-03 04:13:20] PostgreSQL 설정 중...
[2025-02-03 04:13:20] 데이터베이스 준비 상태 대기 중...
[2025-02-03 04:13:46] 데이터베이스 준비 완료
[2025-02-03 04:13:47] async 서비스 배포 시작...
[2025-02-03 04:14:32] gateway 서비스 배포 시작...
[2025-02-03 04:15:10] point 서비스 배포 시작...
[2025-02-03 04:15:43] Event Grid Subscriber 설정 중...
[2025-02-03 04:15:45] Event Grid Subscription이 이미 존재합니다
[2025-02-03 04:15:45] === 배포 결과 ===
[2025-02-03 04:15:45] === 서비스 URL ===
[2025-02-03 04:15:46] async Service URL: http://4.230.153.85
[2025-02-03 04:15:46] gateway Service URL: http://20.249.64.81
[2025-02-03 04:15:46] point Service URL: http://20.249.64.131
[2025-02-03 04:15:46] === Event Grid 정보 ===
[2025-02-03 04:15:46] Gateway Topic: dg0100-resilience-gateway-topic
[2025-02-03 04:15:46] Event Grid Subscription Endpoint: https://dg0100.resilience.20.41.83.72.nip.io/api/events/point
[2025-02-03 04:15:46] 모든 리소스가 성공적으로 생성되었습니다.
[2025-02-03 05:23:24] 환경 변수 설정 완료
[2025-02-03 05:23:24] Azure CLI 로그인 상태 확인 중...
[2025-02-03 05:23:28] 공통 리소스(EventGrip Topic, StorageAccount, Deadletter) 설정 중...
[2025-02-03 05:23:29] Gateway Event Grid Topic이 이미 존재합니다
[2025-02-03 05:23:33] Deadletter 컨테이너가 이미 존재합니다
[2025-02-03 05:23:33] Database Secret 생성 중...
[2025-02-03 05:23:33] MongoDB 설정 중...
[2025-02-03 05:23:33] PostgreSQL 설정 중...
[2025-02-03 05:23:34] 데이터베이스 준비 상태 대기 중...
[2025-02-03 05:24:00] 데이터베이스 준비 완료
[2025-02-03 05:24:01] async 서비스 배포 시작...
[2025-02-03 05:24:19] Error: async Deployment 준비 실패 (Exit Code: 1)
[2025-02-03 05:25:06] 환경 변수 설정 완료
[2025-02-03 05:25:06] Azure CLI 로그인 상태 확인 중...
[2025-02-03 05:25:09] 공통 리소스(EventGrip Topic, StorageAccount, Deadletter) 설정 중...
[2025-02-03 05:25:10] Gateway Event Grid Topic이 이미 존재합니다
[2025-02-03 05:25:14] Deadletter 컨테이너가 이미 존재합니다
[2025-02-03 05:25:14] Database Secret 생성 중...
[2025-02-03 05:25:15] MongoDB 설정 중...
[2025-02-03 05:25:15] PostgreSQL 설정 중...
[2025-02-03 05:25:15] 데이터베이스 준비 상태 대기 중...
[2025-02-03 05:25:40] 데이터베이스 준비 완료
[2025-02-03 05:25:41] async 서비스 배포 시작...
[2025-02-03 05:26:21] gateway 서비스 배포 시작...
[2025-02-03 05:26:57] point 서비스 배포 시작...
[2025-02-03 05:27:35] Event Grid Subscriber 설정 중...
[2025-02-03 05:27:37] Event Grid Subscription 생성 중...
[2025-02-03 05:28:10] === 배포 결과 ===
[2025-02-03 05:28:10] === 서비스 URL ===
[2025-02-03 05:28:10] async Service URL: http://4.230.153.85
[2025-02-03 05:28:10] gateway Service URL: http://20.249.64.81
[2025-02-03 05:28:10] point Service URL: http://20.249.64.131
[2025-02-03 05:28:10] === Event Grid 정보 ===
[2025-02-03 05:28:10] Gateway Topic: dg0100-resilience-gateway-topic
[2025-02-03 05:28:10] Event Grid Subscription Endpoint: https://dg0100.resilience.20.41.83.72.nip.io/api/events/point
[2025-02-03 05:28:10] 모든 리소스가 성공적으로 생성되었습니다.
[2025-02-03 05:33:41] 환경 변수 설정 완료
[2025-02-03 05:33:41] Azure CLI 로그인 상태 확인 중...
[2025-02-03 05:33:44] 공통 리소스(EventGrip Topic, StorageAccount, Deadletter) 설정 중...
[2025-02-03 05:33:44] Gateway Event Grid Topic이 이미 존재합니다
[2025-02-03 05:33:48] Deadletter 컨테이너가 이미 존재합니다
[2025-02-03 05:33:48] Database Secret 생성 중...
[2025-02-03 05:33:48] MongoDB 설정 중...
[2025-02-03 05:33:49] PostgreSQL 설정 중...
[2025-02-03 05:33:49] 데이터베이스 준비 상태 대기 중...
[2025-02-03 05:34:17] 데이터베이스 준비 완료
[2025-02-03 05:34:18] async 서비스 배포 시작...
[2025-02-03 05:35:00] gateway 서비스 배포 시작...
[2025-02-03 05:35:38] point 서비스 배포 시작...
[2025-02-03 05:36:14] Event Grid Subscriber 설정 중...
[2025-02-03 05:36:17] Event Grid Subscription이 이미 존재합니다
[2025-02-03 05:36:17] === 배포 결과 ===
[2025-02-03 05:36:17] === 서비스 URL ===
[2025-02-03 05:36:17] async Service URL: http://4.230.153.85
[2025-02-03 05:36:17] gateway Service URL: http://20.249.64.81
[2025-02-03 05:36:17] point Service URL: http://20.249.64.131
[2025-02-03 05:36:17] === Event Grid 정보 ===
[2025-02-03 05:36:17] Gateway Topic: dg0100-resilience-gateway-topic
[2025-02-03 05:36:17] Event Grid Subscription Endpoint: https://dg0100.resilience.20.41.83.72.nip.io/api/events/point
[2025-02-03 05:36:17] 모든 리소스가 성공적으로 생성되었습니다.
[2025-02-03 05:58:05] 환경 변수 설정 완료
[2025-02-03 05:58:05] Azure CLI 로그인 상태 확인 중...
[2025-02-03 05:58:08] 공통 리소스(EventGrip Topic, StorageAccount, Deadletter) 설정 중...
[2025-02-03 05:58:09] Gateway Event Grid Topic이 이미 존재합니다
[2025-02-03 05:58:12] Deadletter 컨테이너가 이미 존재합니다
[2025-02-03 05:58:12] Database Secret 생성 중...
[2025-02-03 05:58:13] MongoDB 설정 중...
[2025-02-03 05:58:13] PostgreSQL 설정 중...
[2025-02-03 05:58:14] 데이터베이스 준비 상태 대기 중...
[2025-02-03 05:58:39] 데이터베이스 준비 완료
[2025-02-03 05:58:39] async 서비스 배포 시작...
[2025-02-03 05:59:26] gateway 서비스 배포 시작...
[2025-02-03 06:00:05] point 서비스 배포 시작...
[2025-02-03 06:00:39] Event Grid Subscriber 설정 중...
[2025-02-03 06:00:41] Event Grid Subscription이 이미 존재합니다
[2025-02-03 06:00:41] === 배포 결과 ===
[2025-02-03 06:00:41] === 서비스 URL ===
[2025-02-03 06:00:41] async Service URL: http://4.230.153.85
[2025-02-03 06:00:41] gateway Service URL: http://20.249.64.81
[2025-02-03 06:00:41] point Service URL: http://20.249.64.131
[2025-02-03 06:00:41] === Event Grid 정보 ===
[2025-02-03 06:00:41] Gateway Topic: dg0100-resilience-gateway-topic
[2025-02-03 06:00:41] Event Grid Subscription Endpoint: https://dg0100.resilience.20.41.83.72.nip.io/api/events/point
[2025-02-03 06:00:41] 모든 리소스가 성공적으로 생성되었습니다.
[2025-02-03 06:27:53] 환경 변수 설정 완료
[2025-02-03 06:27:53] Azure CLI 로그인 상태 확인 중...
[2025-02-03 06:27:55] 공통 리소스(EventGrip Topic, StorageAccount, Deadletter) 설정 중...
[2025-02-03 06:27:56] Gateway Event Grid Topic이 이미 존재합니다
[2025-02-03 06:28:00] Deadletter 컨테이너가 이미 존재합니다
[2025-02-03 06:28:00] Database Secret 생성 중...
[2025-02-03 06:28:00] MongoDB 설정 중...
[2025-02-03 06:28:01] PostgreSQL 설정 중...
[2025-02-03 06:28:01] 데이터베이스 준비 상태 대기 중...
[2025-02-03 06:28:26] 데이터베이스 준비 완료
[2025-02-03 06:28:27] async 서비스 배포 시작...
[2025-02-03 06:29:17] gateway 서비스 배포 시작...
[2025-02-03 06:29:55] point 서비스 배포 시작...
[2025-02-03 06:30:34] Event Grid Subscriber 설정 중...
[2025-02-03 06:30:36] Event Grid Subscription이 이미 존재합니다
[2025-02-03 06:30:36] === 배포 결과 ===
[2025-02-03 06:30:37] === 서비스 URL ===
[2025-02-03 06:30:37] async Service URL: http://4.230.153.85
[2025-02-03 06:30:37] gateway Service URL: http://20.249.64.81
[2025-02-03 06:30:37] point Service URL: http://20.249.64.131
[2025-02-03 06:30:37] === Event Grid 정보 ===
[2025-02-03 06:30:37] Gateway Topic: dg0100-resilience-gateway-topic
[2025-02-03 06:30:37] Event Grid Subscription Endpoint: https://dg0100.resilience.20.41.83.72.nip.io/api/events/point
[2025-02-03 06:30:37] 모든 리소스가 성공적으로 생성되었습니다.
[2025-02-03 06:48:35] 환경 변수 설정 완료
[2025-02-03 06:48:35] Azure CLI 로그인 상태 확인 중...
[2025-02-03 06:48:37] 공통 리소스(EventGrip Topic, StorageAccount, Deadletter) 설정 중...
[2025-02-03 06:48:38] Gateway Event Grid Topic이 이미 존재합니다
[2025-02-03 06:48:43] Deadletter 컨테이너가 이미 존재합니다
[2025-02-03 06:48:43] Database Secret 생성 중...
[2025-02-03 06:48:43] MongoDB 설정 중...
[2025-02-03 06:48:44] PostgreSQL 설정 중...
[2025-02-03 06:48:44] 데이터베이스 준비 상태 대기 중...
[2025-02-03 06:49:10] 데이터베이스 준비 완료
[2025-02-03 06:49:10] async 서비스 배포 시작...
[2025-02-03 06:49:56] gateway 서비스 배포 시작...
[2025-02-03 06:50:33] point 서비스 배포 시작...
[2025-02-03 06:51:06] Event Grid Subscriber 설정 중...
[2025-02-03 06:51:09] Event Grid Subscription이 이미 존재합니다
[2025-02-03 06:51:09] === 배포 결과 ===
[2025-02-03 06:51:10] === 서비스 URL ===
[2025-02-03 06:51:10] async Service URL: http://4.230.153.85
[2025-02-03 06:51:10] gateway Service URL: http://20.249.64.81
[2025-02-03 06:51:10] point Service URL: http://20.249.64.131
[2025-02-03 06:51:10] === Event Grid 정보 ===
[2025-02-03 06:51:10] Gateway Topic: dg0100-resilience-gateway-topic
[2025-02-03 06:51:10] Event Grid Subscription Endpoint: https://dg0100.resilience.20.41.83.72.nip.io/api/events/point
[2025-02-03 06:51:10] 모든 리소스가 성공적으로 생성되었습니다.
[2025-02-03 07:00:07] 환경 변수 설정 완료
[2025-02-03 07:00:07] Azure CLI 로그인 상태 확인 중...
[2025-02-03 07:00:10] 공통 리소스(EventGrip Topic, StorageAccount, Deadletter) 설정 중...
[2025-02-03 07:00:11] Gateway Event Grid Topic이 이미 존재합니다
[2025-02-03 07:00:15] Deadletter 컨테이너가 이미 존재합니다
[2025-02-03 07:00:15] Database Secret 생성 중...
[2025-02-03 07:00:16] MongoDB 설정 중...
[2025-02-03 07:00:16] PostgreSQL 설정 중...
[2025-02-03 07:00:17] 데이터베이스 준비 상태 대기 중...
[2025-02-03 07:00:36] 데이터베이스 준비 완료
[2025-02-03 07:00:37] async 서비스 배포 시작...
[2025-02-03 07:01:14] gateway 서비스 배포 시작...
[2025-02-03 07:01:49] point 서비스 배포 시작...
[2025-02-03 07:02:22] Event Grid Subscriber 설정 중...
[2025-02-03 07:02:23] Event Grid Subscription이 이미 존재합니다
[2025-02-03 07:02:23] === 배포 결과 ===
[2025-02-03 07:02:24] === 서비스 URL ===
[2025-02-03 07:02:24] async Service URL: http://4.230.153.85
[2025-02-03 07:02:24] gateway Service URL: http://20.249.64.81
[2025-02-03 07:02:24] point Service URL: http://20.249.64.131
[2025-02-03 07:02:24] === Event Grid 정보 ===
[2025-02-03 07:02:24] Gateway Topic: dg0100-resilience-gateway-topic
[2025-02-03 07:02:24] Event Grid Subscription Endpoint: https://dg0100.resilience.20.41.83.72.nip.io/api/events/point
[2025-02-03 07:02:24] 모든 리소스가 성공적으로 생성되었습니다.
[2025-02-03 07:11:46] 환경 변수 설정 완료
[2025-02-03 07:11:46] Azure CLI 로그인 상태 확인 중...
[2025-02-03 07:11:48] 공통 리소스(EventGrip Topic, StorageAccount, Deadletter) 설정 중...
[2025-02-03 07:11:49] Gateway Event Grid Topic이 이미 존재합니다
[2025-02-03 07:11:53] Deadletter 컨테이너가 이미 존재합니다
[2025-02-03 07:11:53] Database Secret 생성 중...
[2025-02-03 07:11:53] MongoDB 설정 중...
[2025-02-03 07:11:54] PostgreSQL 설정 중...
[2025-02-03 07:11:54] 데이터베이스 준비 상태 대기 중...
[2025-02-03 07:12:18] 데이터베이스 준비 완료
[2025-02-03 07:12:19] async 서비스 배포 시작...
[2025-02-03 07:12:59] gateway 서비스 배포 시작...
[2025-02-03 07:13:45] point 서비스 배포 시작...
[2025-02-03 07:14:20] Event Grid Subscriber 설정 중...
[2025-02-03 07:14:23] Event Grid Subscription이 이미 존재합니다
[2025-02-03 07:14:23] === 배포 결과 ===
[2025-02-03 07:14:23] === 서비스 URL ===
[2025-02-03 07:14:23] async Service URL: http://4.230.153.85
[2025-02-03 07:14:23] gateway Service URL: http://20.249.64.81
[2025-02-03 07:14:24] point Service URL: http://20.249.64.131
[2025-02-03 07:14:24] === Event Grid 정보 ===
[2025-02-03 07:14:24] Gateway Topic: dg0100-resilience-gateway-topic
[2025-02-03 07:14:24] Event Grid Subscription Endpoint: https://dg0100.resilience.20.41.83.72.nip.io/api/events/point
[2025-02-03 07:14:24] 모든 리소스가 성공적으로 생성되었습니다.
[2025-02-03 07:28:46] 환경 변수 설정 완료
[2025-02-03 07:28:46] Azure CLI 로그인 상태 확인 중...
[2025-02-03 07:28:49] 공통 리소스(EventGrip Topic, StorageAccount, Deadletter) 설정 중...
[2025-02-03 07:28:50] Gateway Event Grid Topic이 이미 존재합니다
[2025-02-03 07:28:54] Deadletter 컨테이너가 이미 존재합니다
[2025-02-03 07:28:54] Database Secret 생성 중...
[2025-02-03 07:28:55] MongoDB 설정 중...
[2025-02-03 07:28:55] PostgreSQL 설정 중...
[2025-02-03 07:28:55] 데이터베이스 준비 상태 대기 중...
[2025-02-03 07:29:20] 데이터베이스 준비 완료
[2025-02-03 07:29:21] async 서비스 배포 시작...
[2025-02-03 07:30:03] gateway 서비스 배포 시작...
[2025-02-03 07:30:43] point 서비스 배포 시작...
[2025-02-03 07:31:19] Event Grid Subscriber 설정 중...
[2025-02-03 07:31:21] Event Grid Subscription이 이미 존재합니다
[2025-02-03 07:31:21] === 배포 결과 ===
[2025-02-03 07:31:21] === 서비스 URL ===
[2025-02-03 07:31:21] async Service URL: http://4.230.153.85
[2025-02-03 07:31:21] gateway Service URL: http://20.249.64.81
[2025-02-03 07:31:21] point Service URL: http://20.249.64.131
[2025-02-03 07:31:21] === Event Grid 정보 ===
[2025-02-03 07:31:21] Gateway Topic: dg0100-resilience-gateway-topic
[2025-02-03 07:31:21] Event Grid Subscription Endpoint: https://dg0100.resilience.20.41.83.72.nip.io/api/events/point
[2025-02-03 07:31:21] 모든 리소스가 성공적으로 생성되었습니다.
[2025-02-03 07:40:03] 환경 변수 설정 완료
[2025-02-03 07:40:03] Azure CLI 로그인 상태 확인 중...
[2025-02-03 07:40:06] 공통 리소스(EventGrip Topic, StorageAccount, Deadletter) 설정 중...
[2025-02-03 07:40:07] Gateway Event Grid Topic이 이미 존재합니다
[2025-02-03 07:40:12] Deadletter 컨테이너가 이미 존재합니다
[2025-02-03 07:40:12] Database Secret 생성 중...
[2025-02-03 07:40:12] MongoDB 설정 중...
[2025-02-03 07:40:12] PostgreSQL 설정 중...
[2025-02-03 07:40:13] 데이터베이스 준비 상태 대기 중...
[2025-02-03 07:40:32] 데이터베이스 준비 완료
[2025-02-03 07:40:32] async 서비스 배포 시작...
[2025-02-03 07:41:14] gateway 서비스 배포 시작...
[2025-02-03 07:41:53] point 서비스 배포 시작...
[2025-02-03 07:42:30] Event Grid Subscriber 설정 중...
[2025-02-03 07:42:32] Event Grid Subscription이 이미 존재합니다
[2025-02-03 07:42:32] === 배포 결과 ===
[2025-02-03 07:42:33] === 서비스 URL ===
[2025-02-03 07:42:33] async Service URL: http://4.230.153.85
[2025-02-03 07:42:33] gateway Service URL: http://20.249.64.81
[2025-02-03 07:42:33] point Service URL: http://20.249.64.131
[2025-02-03 07:42:33] === Event Grid 정보 ===
[2025-02-03 07:42:33] Gateway Topic: dg0100-resilience-gateway-topic
[2025-02-03 07:42:33] Event Grid Subscription Endpoint: https://dg0100.resilience.20.41.83.72.nip.io/api/events/point
[2025-02-03 07:42:33] 모든 리소스가 성공적으로 생성되었습니다.
[2025-02-03 07:56:50] 환경 변수 설정 완료
[2025-02-03 07:56:50] Azure CLI 로그인 상태 확인 중...
[2025-02-03 07:56:53] 공통 리소스(EventGrip Topic, StorageAccount, Deadletter) 설정 중...
[2025-02-03 07:56:55] Gateway Event Grid Topic이 이미 존재합니다
[2025-02-03 07:56:59] Deadletter 컨테이너가 이미 존재합니다
[2025-02-03 07:56:59] Database Secret 생성 중...
[2025-02-03 07:56:59] MongoDB 설정 중...
[2025-02-03 07:57:00] PostgreSQL 설정 중...
[2025-02-03 07:57:00] 데이터베이스 준비 상태 대기 중...
[2025-02-03 07:57:24] 데이터베이스 준비 완료
[2025-02-03 07:57:25] async 서비스 배포 시작...
[2025-02-03 07:58:06] gateway 서비스 배포 시작...
[2025-02-03 07:58:47] point 서비스 배포 시작...
[2025-02-03 07:59:22] Event Grid Subscriber 설정 중...
[2025-02-03 07:59:24] Event Grid Subscription이 이미 존재합니다
[2025-02-03 07:59:24] === 배포 결과 ===
[2025-02-03 07:59:25] === 서비스 URL ===
[2025-02-03 07:59:25] async Service URL: http://4.230.153.85
[2025-02-03 07:59:25] gateway Service URL: http://20.249.64.81
[2025-02-03 07:59:25] point Service URL: http://20.249.64.131
[2025-02-03 07:59:25] === Event Grid 정보 ===
[2025-02-03 07:59:25] Gateway Topic: dg0100-resilience-gateway-topic
[2025-02-03 07:59:25] Event Grid Subscription Endpoint: https://dg0100.resilience.20.41.83.72.nip.io/api/events/point
[2025-02-03 07:59:25] 모든 리소스가 성공적으로 생성되었습니다.
[2025-02-03 08:18:49] 환경 변수 설정 완료
[2025-02-03 08:18:49] Azure CLI 로그인 상태 확인 중...
[2025-02-03 08:18:52] 공통 리소스(EventGrip Topic, StorageAccount, Deadletter) 설정 중...
[2025-02-03 08:18:53] Gateway Event Grid Topic이 이미 존재합니다
[2025-02-03 08:18:56] Deadletter 컨테이너가 이미 존재합니다
[2025-02-03 08:18:56] Database Secret 생성 중...
[2025-02-03 08:18:56] MongoDB 설정 중...
[2025-02-03 08:18:57] PostgreSQL 설정 중...
[2025-02-03 08:18:57] 데이터베이스 준비 상태 대기 중...
[2025-02-03 08:19:21] 데이터베이스 준비 완료
[2025-02-03 08:19:22] async 서비스 배포 시작...
[2025-02-03 08:20:05] gateway 서비스 배포 시작...
[2025-02-03 08:20:17] point 서비스 배포 시작...
[2025-02-03 08:20:18] Error: point jar 빌드 실패 (Exit Code: 130)
[2025-02-03 08:20:21] 환경 변수 설정 완료
[2025-02-03 08:20:21] Azure CLI 로그인 상태 확인 중...
[2025-02-03 08:20:23] 공통 리소스(EventGrip Topic, StorageAccount, Deadletter) 설정 중...
[2025-02-03 08:20:24] Gateway Event Grid Topic이 이미 존재합니다
[2025-02-03 08:20:28] Deadletter 컨테이너가 이미 존재합니다
[2025-02-03 08:20:28] Database Secret 생성 중...
[2025-02-03 08:20:28] MongoDB 설정 중...
[2025-02-03 08:20:29] PostgreSQL 설정 중...
[2025-02-03 08:20:30] 데이터베이스 준비 상태 대기 중...
[2025-02-03 08:20:56] 데이터베이스 준비 완료
[2025-02-03 08:20:57] async 서비스 배포 시작...
[2025-02-03 08:21:33] gateway 서비스 배포 시작...
[2025-02-03 08:22:13] point 서비스 배포 시작...
[2025-02-03 08:22:47] Event Grid Subscriber 설정 중...
[2025-02-03 08:22:49] Event Grid Subscription이 이미 존재합니다
[2025-02-03 08:22:49] === 배포 결과 ===
[2025-02-03 08:22:49] === 서비스 URL ===
[2025-02-03 08:22:49] async Service URL: http://4.230.153.85
[2025-02-03 08:22:50] gateway Service URL: http://20.249.64.81
[2025-02-03 08:22:50] point Service URL: http://20.249.64.131
[2025-02-03 08:22:50] === Event Grid 정보 ===
[2025-02-03 08:22:50] Gateway Topic: dg0100-resilience-gateway-topic
[2025-02-03 08:22:50] Event Grid Subscription Endpoint: https://dg0100.resilience.20.41.83.72.nip.io/api/events/point
[2025-02-03 08:22:50] 모든 리소스가 성공적으로 생성되었습니다.
[2025-02-03 08:41:18] 환경 변수 설정 완료
[2025-02-03 08:41:18] Azure CLI 로그인 상태 확인 중...
[2025-02-03 08:41:20] 공통 리소스(EventGrip Topic, StorageAccount, Deadletter) 설정 중...
[2025-02-03 08:41:21] Gateway Event Grid Topic이 이미 존재합니다
[2025-02-03 08:41:25] Deadletter 컨테이너가 이미 존재합니다
[2025-02-03 08:41:25] Database Secret 생성 중...
[2025-02-03 08:41:25] MongoDB 설정 중...
[2025-02-03 08:41:25] PostgreSQL 설정 중...
[2025-02-03 08:41:26] 데이터베이스 준비 상태 대기 중...
[2025-02-03 08:41:48] 데이터베이스 준비 완료
[2025-02-03 08:41:49] async 서비스 배포 시작...
[2025-02-03 08:42:29] gateway 서비스 배포 시작...
[2025-02-03 08:43:12] point 서비스 배포 시작...
[2025-02-03 08:43:45] Event Grid Subscriber 설정 중...
[2025-02-03 08:43:47] Event Grid Subscription이 이미 존재합니다
[2025-02-03 08:43:47] === 배포 결과 ===
[2025-02-03 08:43:48] === 서비스 URL ===
[2025-02-03 08:43:48] async Service URL: http://4.230.153.85
[2025-02-03 08:43:48] gateway Service URL: http://20.249.64.81
[2025-02-03 08:43:48] point Service URL: http://20.249.64.131
[2025-02-03 08:43:48] === Event Grid 정보 ===
[2025-02-03 08:43:48] Gateway Topic: dg0100-resilience-gateway-topic
[2025-02-03 08:43:48] Event Grid Subscription Endpoint: https://dg0100.resilience.20.41.83.72.nip.io/api/events/point
[2025-02-03 08:43:48] 모든 리소스가 성공적으로 생성되었습니다.
[2025-02-03 09:31:28] 환경 변수 설정 완료
[2025-02-03 09:31:28] Azure CLI 로그인 상태 확인 중...
[2025-02-03 09:31:31] 공통 리소스(EventGrip Topic, StorageAccount, Deadletter) 설정 중...
[2025-02-03 09:31:32] Gateway Event Grid Topic이 이미 존재합니다
[2025-02-03 09:31:36] Deadletter 컨테이너가 이미 존재합니다
[2025-02-03 09:31:36] Database Secret 생성 중...
[2025-02-03 09:31:37] MongoDB 설정 중...
[2025-02-03 09:31:37] PostgreSQL 설정 중...
[2025-02-03 09:31:37] 데이터베이스 준비 상태 대기 중...
[2025-02-03 09:32:07] 데이터베이스 준비 완료
[2025-02-03 09:32:08] async 서비스 배포 시작...
[2025-02-03 09:32:52] gateway 서비스 배포 시작...
[2025-02-03 09:33:29] point 서비스 배포 시작...
[2025-02-03 09:34:03] Event Grid Subscriber 설정 중...
[2025-02-03 09:34:05] Event Grid Subscription이 이미 존재합니다
[2025-02-03 09:34:05] === 배포 결과 ===
[2025-02-03 09:34:05] === 서비스 URL ===
[2025-02-03 09:34:05] async Service URL: http://4.230.153.85
[2025-02-03 09:34:05] gateway Service URL: http://20.249.64.81
[2025-02-03 09:34:05] point Service URL: http://20.249.64.131
[2025-02-03 09:34:05] === Event Grid 정보 ===
[2025-02-03 09:34:05] Gateway Topic: dg0100-resilience-gateway-topic
[2025-02-03 09:34:05] Event Grid Subscription Endpoint: https://dg0100.resilience.20.41.83.72.nip.io/api/events/point
[2025-02-03 09:34:05] 모든 리소스가 성공적으로 생성되었습니다.
[2025-02-03 09:36:49] 환경 변수 설정 완료
[2025-02-03 09:36:50] Azure CLI 로그인 상태 확인 중...
[2025-02-03 09:36:52] 공통 리소스(EventGrip Topic, StorageAccount, Deadletter) 설정 중...
[2025-02-03 09:36:53] Gateway Event Grid Topic이 이미 존재합니다
[2025-02-03 09:36:57] Deadletter 컨테이너가 이미 존재합니다
[2025-02-03 09:36:57] Database Secret 생성 중...
[2025-02-03 09:36:57] MongoDB 설정 중...
[2025-02-03 09:36:58] PostgreSQL 설정 중...
[2025-02-03 09:36:58] 데이터베이스 준비 상태 대기 중...
[2025-02-03 09:37:20] 데이터베이스 준비 완료
[2025-02-03 09:37:21] async 서비스 배포 시작...
[2025-02-03 09:38:02] gateway 서비스 배포 시작...
[2025-02-03 09:38:40] point 서비스 배포 시작...
[2025-02-03 09:39:17] Event Grid Subscriber 설정 중...
[2025-02-03 09:39:19] Event Grid Subscription이 이미 존재합니다
[2025-02-03 09:39:19] === 배포 결과 ===
[2025-02-03 09:39:20] === 서비스 URL ===
[2025-02-03 09:39:20] async Service URL: http://4.230.153.85
[2025-02-03 09:39:20] gateway Service URL: http://20.249.64.81
[2025-02-03 09:39:20] point Service URL: http://20.249.64.131
[2025-02-03 09:39:20] === Event Grid 정보 ===
[2025-02-03 09:39:20] Gateway Topic: dg0100-resilience-gateway-topic
[2025-02-03 09:39:20] Event Grid Subscription Endpoint: https://dg0100.resilience.20.41.83.72.nip.io/api/events/point
[2025-02-03 09:39:20] 모든 리소스가 성공적으로 생성되었습니다.
[2025-02-03 09:47:02] 환경 변수 설정 완료
[2025-02-03 09:47:02] Azure CLI 로그인 상태 확인 중...
[2025-02-03 09:47:04] 공통 리소스(EventGrip Topic, StorageAccount, Deadletter) 설정 중...
[2025-02-03 09:47:05] Gateway Event Grid Topic이 이미 존재합니다
[2025-02-03 09:47:09] Deadletter 컨테이너가 이미 존재합니다
[2025-02-03 09:47:09] Database Secret 생성 중...
[2025-02-03 09:47:09] MongoDB 설정 중...
[2025-02-03 09:47:09] PostgreSQL 설정 중...
[2025-02-03 09:47:10] 데이터베이스 준비 상태 대기 중...
[2025-02-03 09:47:35] 데이터베이스 준비 완료
[2025-02-03 09:47:36] async 서비스 배포 시작...
[2025-02-03 09:48:19] gateway 서비스 배포 시작...
[2025-02-03 09:49:06] point 서비스 배포 시작...
[2025-02-03 09:49:44] Event Grid Subscriber 설정 중...
[2025-02-03 09:49:46] Event Grid Subscription이 이미 존재합니다
[2025-02-03 09:49:46] === 배포 결과 ===
[2025-02-03 09:49:46] === 서비스 URL ===
[2025-02-03 09:49:47] async Service URL: http://4.230.153.85
[2025-02-03 09:49:47] gateway Service URL: http://20.249.64.81
[2025-02-03 09:49:47] point Service URL: http://20.249.64.131
[2025-02-03 09:49:47] === Event Grid 정보 ===
[2025-02-03 09:49:47] Gateway Topic: dg0100-resilience-gateway-topic
[2025-02-03 09:49:47] Event Grid Subscription Endpoint: https://dg0100.resilience.20.41.83.72.nip.io/api/events/point
[2025-02-03 09:49:47] 모든 리소스가 성공적으로 생성되었습니다.
[2025-02-03 09:58:01] 환경 변수 설정 완료
[2025-02-03 09:58:01] Azure CLI 로그인 상태 확인 중...
[2025-02-03 09:58:03] 공통 리소스(EventGrip Topic, StorageAccount, Deadletter) 설정 중...
[2025-02-03 09:58:04] Gateway Event Grid Topic이 이미 존재합니다
[2025-02-03 09:58:09] Deadletter 컨테이너가 이미 존재합니다
[2025-02-03 09:58:09] Database Secret 생성 중...
[2025-02-03 09:58:09] MongoDB 설정 중...
[2025-02-03 09:58:09] PostgreSQL 설정 중...
[2025-02-03 09:58:10] 데이터베이스 준비 상태 대기 중...
[2025-02-03 09:58:37] 데이터베이스 준비 완료
[2025-02-03 09:58:38] async 서비스 배포 시작...
[2025-02-03 09:59:20] gateway 서비스 배포 시작...
[2025-02-03 10:00:01] point 서비스 배포 시작...
[2025-02-03 10:00:40] Event Grid Subscriber 설정 중...
[2025-02-03 10:00:42] Event Grid Subscription이 이미 존재합니다
[2025-02-03 10:00:42] === 배포 결과 ===
[2025-02-03 10:00:42] === 서비스 URL ===
[2025-02-03 10:00:42] async Service URL: http://4.230.153.85
[2025-02-03 10:00:42] gateway Service URL: http://20.249.64.81
[2025-02-03 10:00:42] point Service URL: http://20.249.64.131
[2025-02-03 10:00:42] === Event Grid 정보 ===
[2025-02-03 10:00:42] Gateway Topic: dg0100-resilience-gateway-topic
[2025-02-03 10:00:42] Event Grid Subscription Endpoint: https://dg0100.resilience.20.41.83.72.nip.io/api/events/point
[2025-02-03 10:00:42] 모든 리소스가 성공적으로 생성되었습니다.
[2025-02-03 10:18:05] 환경 변수 설정 완료
[2025-02-03 10:18:05] Azure CLI 로그인 상태 확인 중...
[2025-02-03 10:18:09] 공통 리소스(EventGrip Topic, StorageAccount, Deadletter) 설정 중...
[2025-02-03 10:18:10] Gateway Event Grid Topic이 이미 존재합니다
[2025-02-03 10:18:13] Deadletter 컨테이너가 이미 존재합니다
[2025-02-03 10:18:13] Database Secret 생성 중...
[2025-02-03 10:18:14] MongoDB 설정 중...
[2025-02-03 10:18:14] PostgreSQL 설정 중...
[2025-02-03 10:18:15] 데이터베이스 준비 상태 대기 중...
[2025-02-03 10:18:39] 데이터베이스 준비 완료
[2025-02-03 10:18:40] async 서비스 배포 시작...
[2025-02-03 10:19:20] gateway 서비스 배포 시작...
[2025-02-03 10:19:56] point 서비스 배포 시작...
[2025-02-03 10:20:36] Event Grid Subscriber 설정 중...
[2025-02-03 10:20:38] Event Grid Subscription이 이미 존재합니다
[2025-02-03 10:20:38] === 배포 결과 ===
[2025-02-03 10:20:38] === 서비스 URL ===
[2025-02-03 10:20:39] async Service URL: http://4.230.153.85
[2025-02-03 10:20:39] gateway Service URL: http://20.249.64.81
[2025-02-03 10:20:39] point Service URL: http://20.249.64.131
[2025-02-03 10:20:39] === Event Grid 정보 ===
[2025-02-03 10:20:39] Gateway Topic: dg0100-resilience-gateway-topic
[2025-02-03 10:20:39] Event Grid Subscription Endpoint: https://dg0100.resilience.20.41.83.72.nip.io/api/events/point
[2025-02-03 10:20:39] 모든 리소스가 성공적으로 생성되었습니다.
[2025-02-03 10:34:49] 환경 변수 설정 완료
[2025-02-03 10:34:49] Azure CLI 로그인 상태 확인 중...
[2025-02-03 10:34:52] 공통 리소스(EventGrip Topic, StorageAccount, Deadletter) 설정 중...
[2025-02-03 10:34:53] Gateway Event Grid Topic이 이미 존재합니다
[2025-02-03 10:34:56] Deadletter 컨테이너가 이미 존재합니다
[2025-02-03 10:34:56] Database Secret 생성 중...
[2025-02-03 10:34:57] MongoDB 설정 중...
[2025-02-03 10:34:57] PostgreSQL 설정 중...
[2025-02-03 10:34:57] 데이터베이스 준비 상태 대기 중...
[2025-02-03 10:35:22] 데이터베이스 준비 완료
[2025-02-03 10:35:22] async 서비스 배포 시작...
[2025-02-03 10:36:05] gateway 서비스 배포 시작...
[2025-02-03 10:40:41] point 서비스 배포 시작...
[2025-02-03 10:41:19] Event Grid Subscriber 설정 중...
[2025-02-03 10:41:22] Event Grid Subscription이 이미 존재합니다
[2025-02-03 10:41:22] === 배포 결과 ===
[2025-02-03 10:41:22] === 서비스 URL ===
[2025-02-03 10:41:22] async Service URL: http://4.230.153.85
[2025-02-03 10:41:22] gateway Service URL: http://20.249.64.81
[2025-02-03 10:41:22] point Service URL: http://20.249.64.131
[2025-02-03 10:41:22] === Event Grid 정보 ===
[2025-02-03 10:41:22] Gateway Topic: dg0100-resilience-gateway-topic
[2025-02-03 10:41:22] Event Grid Subscription Endpoint: https://dg0100.resilience.20.41.83.72.nip.io/api/events/point
[2025-02-03 10:41:22] 모든 리소스가 성공적으로 생성되었습니다.
[2025-02-03 10:41:56] 환경 변수 설정 완료
[2025-02-03 10:41:56] Azure CLI 로그인 상태 확인 중...
[2025-02-03 10:41:59] 공통 리소스(EventGrip Topic, StorageAccount, Deadletter) 설정 중...
[2025-02-03 10:41:59] Gateway Event Grid Topic이 이미 존재합니다
[2025-02-03 10:42:03] Deadletter 컨테이너가 이미 존재합니다
[2025-02-03 10:42:03] Database Secret 생성 중...
[2025-02-03 10:42:03] MongoDB 설정 중...
[2025-02-03 10:42:04] PostgreSQL 설정 중...
[2025-02-03 10:42:04] 데이터베이스 준비 상태 대기 중...
[2025-02-03 10:42:27] 데이터베이스 준비 완료
[2025-02-03 10:42:28] async 서비스 배포 시작...
[2025-02-03 10:43:04] gateway 서비스 배포 시작...
[2025-02-03 10:43:42] point 서비스 배포 시작...
[2025-02-03 10:44:20] Event Grid Subscriber 설정 중...
[2025-02-03 10:44:22] Event Grid Subscription이 이미 존재합니다
[2025-02-03 10:44:22] === 배포 결과 ===
[2025-02-03 10:44:22] === 서비스 URL ===
[2025-02-03 10:44:22] async Service URL: http://4.230.153.85
[2025-02-03 10:44:23] gateway Service URL: http://20.249.64.81
[2025-02-03 10:44:23] point Service URL: http://20.249.64.131
[2025-02-03 10:44:23] === Event Grid 정보 ===
[2025-02-03 10:44:23] Gateway Topic: dg0100-resilience-gateway-topic
[2025-02-03 10:44:23] Event Grid Subscription Endpoint: https://dg0100.resilience.20.41.83.72.nip.io/api/events/point
[2025-02-03 10:44:23] 모든 리소스가 성공적으로 생성되었습니다.
[2025-02-03 10:58:50] 환경 변수 설정 완료
[2025-02-03 10:58:50] Azure CLI 로그인 상태 확인 중...
[2025-02-03 10:58:53] 공통 리소스(EventGrip Topic, StorageAccount, Deadletter) 설정 중...
[2025-02-03 10:58:54] Gateway Event Grid Topic이 이미 존재합니다
[2025-02-03 10:58:58] Deadletter 컨테이너가 이미 존재합니다
[2025-02-03 10:58:58] Database Secret 생성 중...
[2025-02-03 10:58:58] MongoDB 설정 중...
[2025-02-03 10:58:59] PostgreSQL 설정 중...
[2025-02-03 10:58:59] 데이터베이스 준비 상태 대기 중...
[2025-02-03 10:59:21] 데이터베이스 준비 완료
[2025-02-03 10:59:22] async 서비스 배포 시작...
[2025-02-03 11:00:06] gateway 서비스 배포 시작...
[2025-02-03 11:00:45] point 서비스 배포 시작...
[2025-02-03 11:01:18] Event Grid Subscriber 설정 중...
[2025-02-03 11:01:20] Event Grid Subscription이 이미 존재합니다
[2025-02-03 11:01:20] === 배포 결과 ===
[2025-02-03 11:01:21] === 서비스 URL ===
[2025-02-03 11:01:21] async Service URL: http://4.230.153.85
[2025-02-03 11:01:21] gateway Service URL: http://20.249.64.81
[2025-02-03 11:01:21] point Service URL: http://20.249.64.131
[2025-02-03 11:01:21] === Event Grid 정보 ===
[2025-02-03 11:01:21] Gateway Topic: dg0100-resilience-gateway-topic
[2025-02-03 11:01:21] Event Grid Subscription Endpoint: https://dg0100.resilience.20.41.83.72.nip.io/api/events/point
[2025-02-03 11:01:21] 모든 리소스가 성공적으로 생성되었습니다.
